TN:
SF:src/components/form/FormError.tsx
FN:7,FormError
FNF:1
FNH:1
FNDA:28,FormError
DA:7,28
DA:8,28
DA:11,4
DA:13,4
LF:4
LH:4
BRDA:8,0,0,24
BRDA:8,0,1,4
BRDA:8,1,0,4
BRDA:8,1,1,0
BRDA:11,2,0,4
BRDA:11,2,1,0
BRF:6
BRH:4
end_of_record
TN:
SF:src/components/form/FormInput.tsx
FN:31,FormInput
FNF:1
FNH:1
FNDA:50,FormInput
DA:31,50
DA:34,50
DA:38,50
DA:39,50
DA:41,50
DA:44,47
DA:45,15
DA:47,50
DA:49,47
DA:50,39
DA:54,50
DA:56,23
DA:60,35
DA:61,50
DA:63,50
DA:64,50
DA:65,3
DA:67,50
DA:68,50
LF:19
LH:19
BRDA:34,0,0,28
BRDA:34,0,1,22
BRDA:38,1,0,15
BRDA:38,1,1,35
BRDA:41,2,0,15
BRDA:41,2,1,35
BRDA:41,3,0,50
BRDA:41,3,1,35
BRDA:47,4,0,39
BRDA:47,4,1,11
BRDA:50,5,0,39
BRDA:50,5,1,39
BRDA:54,6,0,15
BRDA:54,6,1,35
BRDA:54,7,0,50
BRDA:54,7,1,35
BRDA:61,8,0,50
BRDA:61,8,1,0
BRDA:62,9,0,4
BRDA:62,9,1,46
BRDA:63,10,0,23
BRDA:63,10,1,27
BRDA:63,11,0,50
BRDA:63,11,1,35
BRDA:63,11,2,35
BRDA:63,11,3,35
BRDA:63,11,4,27
BRDA:64,12,0,47
BRDA:64,12,1,3
BRDA:64,13,0,50
BRDA:64,13,1,11
BRDA:67,14,0,23
BRDA:67,14,1,27
BRDA:67,15,0,47
BRDA:67,15,1,3
BRDA:67,16,0,50
BRDA:67,16,1,27
BRDA:67,16,2,27
BRF:38
BRH:37
end_of_record
TN:
SF:src/components/form/FormProvider.tsx
FN:18,FormProvider
FNF:1
FNH:1
FNDA:13,FormProvider
DA:18,13
DA:20,13
DA:21,13
DA:23,13
DA:24,13
LF:5
LH:5
BRDA:18,0,0,13
BRDA:18,0,1,0
BRDA:18,1,0,13
BRDA:18,1,1,0
BRDA:23,2,0,13
BRDA:23,2,1,0
BRDA:23,3,0,13
BRDA:23,3,1,8
BRF:8
BRH:5
end_of_record
TN:
SF:src/components/form/FormSelect.tsx
FN:29,FormSelect
FNF:1
FNH:1
FNDA:54,FormSelect
DA:29,40
DA:30,14
DA:31,14
DA:33,14
DA:35,13
DA:36,5
DA:38,14
DA:40,13
DA:42,13
DA:46,14
DA:49,5
DA:51,9
DA:52,14
DA:62,14
DA:65,5
DA:67,14
DA:69,5
DA:73,14
DA:74,14
DA:77,5
DA:79,14
DA:80,1
DA:82,14
DA:83,14
LF:24
LH:24
BRDA:30,0,0,5
BRDA:30,0,1,9
BRDA:33,1,0,5
BRDA:33,1,1,9
BRDA:33,2,0,14
BRDA:33,2,1,9
BRDA:38,3,0,13
BRDA:38,3,1,1
BRDA:42,4,0,13
BRDA:42,4,1,13
BRDA:46,5,0,5
BRDA:46,5,1,9
BRDA:46,6,0,14
BRDA:46,6,1,9
BRDA:60,7,0,14
BRDA:60,7,1,0
BRDA:61,8,0,0
BRDA:61,8,1,14
BRDA:62,9,0,5
BRDA:62,9,1,9
BRDA:67,10,0,5
BRDA:67,10,1,9
BRDA:73,11,0,5
BRDA:73,11,1,9
BRDA:73,12,0,14
BRDA:73,12,1,9
BRDA:73,12,2,9
BRDA:73,12,3,9
BRDA:73,12,4,9
BRDA:74,13,0,5
BRDA:74,13,1,9
BRDA:79,14,0,13
BRDA:79,14,1,1
BRDA:79,15,0,14
BRDA:79,15,1,1
BRDA:82,16,0,5
BRDA:82,16,1,9
BRDA:82,17,0,13
BRDA:82,17,1,1
BRDA:82,18,0,14
BRDA:82,18,1,1
BRDA:82,18,2,1
BRF:42
BRH:40
end_of_record
TN:
SF:src/components/ui/button.tsx
FN:49,(anonymous_0)
FNF:1
FNH:1
FNDA:13,(anonymous_0)
DA:7,1
DA:48,1
DA:49,13
DA:50,13
DA:52,13
DA:53,13
DA:56,13
DA:60,1
LF:8
LH:8
BRDA:49,0,0,13
BRDA:49,0,1,0
BRDA:49,1,0,13
BRDA:49,1,1,0
BRDA:50,2,0,0
BRDA:50,2,1,13
BRDA:50,3,0,5
BRDA:50,3,1,8
BRDA:50,4,0,13
BRDA:50,4,1,8
BRDA:50,4,2,8
BRDA:53,5,0,13
BRDA:53,5,1,0
BRDA:53,6,0,13
BRDA:53,6,1,8
BRDA:53,6,2,0
BRDA:53,6,3,0
BRF:17
BRH:11
end_of_record
TN:
SF:src/components/ui/card.tsx
FN:8,(anonymous_0)
FN:23,(anonymous_1)
FN:35,(anonymous_2)
FN:47,(anonymous_3)
FN:59,(anonymous_4)
FN:67,(anonymous_5)
FNF:6
FNH:3
FNDA:4,(anonymous_0)
FNDA:4,(anonymous_1)
FNDA:0,(anonymous_2)
FNDA:0,(anonymous_3)
FNDA:4,(anonymous_4)
FNDA:0,(anonymous_5)
DA:5,1
DA:8,4
DA:9,4
DA:11,4
DA:14,4
DA:16,4
DA:18,1
DA:20,1
DA:23,4
DA:24,4
DA:26,4
DA:28,4
DA:30,1
DA:32,1
DA:35,0
DA:36,0
DA:38,0
DA:40,0
DA:42,1
DA:44,1
DA:47,0
DA:48,0
DA:50,0
DA:52,0
DA:54,1
DA:56,1
DA:59,4
DA:60,4
DA:62,1
DA:64,1
DA:67,0
DA:68,0
DA:70,0
DA:72,0
DA:74,1
LF:35
LH:23
BRDA:8,0,0,4
BRDA:8,0,1,0
BRDA:8,1,0,4
BRDA:8,1,1,0
BRDA:14,2,0,4
BRDA:14,2,1,0
BRDA:14,3,0,4
BRDA:14,3,1,0
BRDA:14,3,2,0
BRDA:23,4,0,4
BRDA:23,4,1,0
BRDA:23,5,0,4
BRDA:23,5,1,0
BRDA:26,6,0,4
BRDA:26,6,1,0
BRDA:26,7,0,4
BRDA:26,7,1,0
BRDA:26,7,2,0
BRDA:35,8,0,0
BRDA:35,8,1,0
BRDA:35,9,0,0
BRDA:35,9,1,0
BRDA:38,10,0,0
BRDA:38,10,1,0
BRDA:38,11,0,0
BRDA:38,11,1,0
BRDA:38,11,2,0
BRDA:47,12,0,0
BRDA:47,12,1,0
BRDA:47,13,0,0
BRDA:47,13,1,0
BRDA:50,14,0,0
BRDA:50,14,1,0
BRDA:50,15,0,0
BRDA:50,15,1,0
BRDA:50,15,2,0
BRDA:59,16,0,4
BRDA:59,16,1,0
BRDA:59,17,0,4
BRDA:59,17,1,0
BRDA:60,18,0,4
BRDA:60,18,1,0
BRDA:60,19,0,4
BRDA:60,19,1,0
BRDA:60,19,2,0
BRDA:67,20,0,0
BRDA:67,20,1,0
BRDA:67,21,0,0
BRDA:67,21,1,0
BRDA:70,22,0,0
BRDA:70,22,1,0
BRDA:70,23,0,0
BRDA:70,23,1,0
BRDA:70,23,2,0
BRF:54
BRH:12
end_of_record
TN:
SF:src/components/ui/input.tsx
FN:6,(anonymous_0)
FNF:1
FNH:1
FNDA:23,(anonymous_0)
DA:5,1
DA:6,23
DA:8,23
DA:10,23
DA:13,23
DA:16,23
DA:20,1
LF:7
LH:7
BRDA:6,0,0,23
BRDA:6,0,1,0
BRDA:6,1,0,23
BRDA:6,1,1,0
BRDA:13,2,0,23
BRDA:13,2,1,0
BRDA:13,3,0,23
BRDA:13,3,1,0
BRDA:13,3,2,0
BRDA:13,3,3,0
BRF:10
BRH:4
end_of_record
TN:
SF:src/components/ui/label.tsx
FN:15,(anonymous_0)
FNF:1
FNH:1
FNDA:20,(anonymous_0)
DA:7,1
DA:11,1
DA:15,20
DA:16,20
DA:18,20
DA:20,20
DA:22,1
LF:7
LH:7
BRDA:15,0,0,20
BRDA:15,0,1,0
BRDA:15,1,0,20
BRDA:15,1,1,0
BRDA:18,2,0,20
BRDA:18,2,1,0
BRDA:18,3,0,20
BRDA:18,3,1,0
BRDA:18,3,2,0
BRF:9
BRH:4
end_of_record
TN:
SF:src/config/roles.ts
FNF:0
FNH:0
DA:1,1
LF:1
LH:1
BRF:0
BRH:0
end_of_record
TN:
SF:src/config/users.ts
FNF:0
FNH:0
DA:3,1
LF:1
LH:1
BRF:0
BRH:0
end_of_record
TN:
SF:src/forms/login/LoginForm.tsx
FN:16,LoginForm
FN:19,(anonymous_1)
FN:37,(anonymous_2)
FN:76,(anonymous_3)
FNF:4
FNH:3
FNDA:14,LoginForm
FNDA:41,(anonymous_1)
FNDA:4,(anonymous_2)
FNDA:0,(anonymous_3)
DA:17,14
DA:19,41
DA:20,14
DA:21,14
DA:22,14
DA:23,14
DA:25,14
DA:37,14
DA:38,4
DA:39,4
DA:40,4
DA:41,4
DA:43,4
DA:44,4
DA:45,4
DA:46,1
DA:52,3
DA:53,3
DA:55,2
DA:56,2
DA:58,1
DA:59,1
DA:62,0
DA:63,0
DA:67,4
DA:72,14
DA:77,0
LF:27
LH:24
BRDA:44,0,0,4
BRDA:44,0,1,0
BRDA:45,1,0,1
BRDA:45,1,1,3
BRDA:52,2,0,3
BRDA:52,2,1,0
BRDA:53,3,0,2
BRDA:53,3,1,1
BRDA:53,3,2,0
BRDA:53,3,3,0
BRDA:116,4,0,14
BRDA:116,4,1,2
BRDA:117,5,0,14
BRDA:117,5,1,1
BRDA:118,6,0,14
BRDA:118,6,1,0
BRF:16
BRH:11
end_of_record
TN:
SF:src/forms/login/login.schema.ts
FN:16,(anonymous_0)
FN:44,(anonymous_1)
FNF:2
FNH:2
FNDA:8,(anonymous_0)
FNDA:106,(anonymous_1)
DA:3,1
DA:15,1
DA:16,8
DA:20,1
DA:26,1
DA:44,106
LF:6
LH:6
BRF:0
BRH:0
end_of_record
TN:
SF:src/lib/utils.ts
FN:4,cn
FNF:1
FNH:1
FNDA:60,cn
DA:5,60
LF:1
LH:1
BRF:0
BRH:0
end_of_record
TN:
SF:src/mocks/handlers.ts
FN:9,(anonymous_0)
FNF:1
FNH:1
FNDA:3,(anonymous_0)
DA:8,1
DA:10,3
DA:12,3
DA:13,1
DA:19,2
LF:5
LH:5
BRDA:12,0,0,1
BRDA:12,0,1,2
BRDA:12,1,0,3
BRDA:12,1,1,1
BRF:4
BRH:4
end_of_record
TN:
SF:src/mocks/server.ts
FNF:0
FNH:0
DA:4,1
LF:1
LH:1
BRF:0
BRH:0
end_of_record
TN:
SF:src/pages/LoginPage.tsx
FN:5,LoginPage
FNF:1
FNH:1
FNDA:20,LoginPage
DA:5,16
DA:7,4
DA:9,4
DA:11,4
DA:15,4
DA:19,4
DA:36,4
DA:39,4
DA:49,4
DA:98,4
DA:104,4
DA:106,4
DA:110,4
DA:120,4
DA:123,4
DA:128,4
DA:139,4
LF:17
LH:17
BRDA:5,0,0,4
BRDA:5,0,1,0
BRDA:15,1,0,4
BRDA:15,1,1,0
BRDA:36,2,0,4
BRDA:36,2,1,0
BRDA:49,3,0,4
BRDA:49,3,1,0
BRDA:98,4,0,4
BRDA:98,4,1,0
BRDA:110,5,0,4
BRDA:110,5,1,0
BRDA:120,6,0,4
BRDA:120,6,1,0
BRDA:128,7,0,4
BRDA:128,7,1,0
BRF:16
BRH:8
end_of_record
TN:
SF:src/services/loginService.ts
FN:8,loginService
FNF:1
FNH:1
FNDA:4,loginService
DA:9,4
DA:10,4
DA:16,4
DA:17,3
DA:18,1
DA:20,1
DA:22,3
DA:23,0
DA:25,3
LF:9
LH:8
BRDA:16,0,0,3
BRDA:16,0,1,1
BRDA:17,1,0,2
BRDA:17,1,1,1
BRDA:22,2,0,0
BRDA:22,2,1,3
BRF:6
BRH:5
end_of_record
TN:
SF:src/store/useAuthStore.ts
FN:17,(anonymous_0)
FN:22,(anonymous_1)
FN:24,(anonymous_2)
FN:38,(anonymous_3)
FNF:4
FNH:1
FNDA:1,(anonymous_0)
FNDA:0,(anonymous_1)
FNDA:0,(anonymous_2)
FNDA:0,(anonymous_3)
DA:15,1
DA:17,1
DA:23,0
DA:24,0
DA:27,0
DA:29,0
DA:35,0
DA:39,0
LF:8
LH:2
BRDA:24,0,0,0
BRDA:24,0,1,0
BRDA:27,1,0,0
BRDA:27,1,1,0
BRF:4
BRH:0
end_of_record
