TN:
SF:src/__tests__/test-utils.tsx
FN:5,(anonymous_0)
FNF:1
FNH:1
FNDA:9,(anonymous_0)
DA:5,2
DA:6,9
DA:12,9
LF:3
LH:3
BRF:0
BRH:0
end_of_record
TN:
SF:src/components/form/FormError.tsx
FN:7,FormError
FNF:1
FNH:1
FNDA:48,FormError
DA:7,48
DA:8,48
DA:11,8
DA:13,8
LF:4
LH:4
BRDA:8,0,0,40
BRDA:8,0,1,8
BRDA:8,1,0,8
BRDA:8,1,1,0
BRDA:11,2,0,8
BRDA:11,2,1,0
BRF:6
BRH:4
end_of_record
TN:
SF:src/components/form/FormInput.tsx
FN:31,FormInput
FNF:1
FNH:1
FNDA:98,FormInput
DA:31,98
DA:34,98
DA:38,98
DA:39,98
DA:41,98
DA:44,95
DA:45,27
DA:47,98
DA:49,95
DA:50,84
DA:54,98
DA:56,38
DA:60,71
DA:61,98
DA:63,98
DA:64,98
DA:65,3
DA:67,98
DA:68,98
LF:19
LH:19
BRDA:34,0,0,60
BRDA:34,0,1,38
BRDA:38,1,0,27
BRDA:38,1,1,71
BRDA:41,2,0,27
BRDA:41,2,1,71
BRDA:41,3,0,98
BRDA:41,3,1,71
BRDA:47,4,0,84
BRDA:47,4,1,14
BRDA:50,5,0,84
BRDA:50,5,1,84
BRDA:54,6,0,27
BRDA:54,6,1,71
BRDA:54,7,0,98
BRDA:54,7,1,71
BRDA:61,8,0,98
BRDA:61,8,1,0
BRDA:62,9,0,7
BRDA:62,9,1,91
BRDA:63,10,0,38
BRDA:63,10,1,60
BRDA:63,11,0,98
BRDA:63,11,1,71
BRDA:63,11,2,71
BRDA:63,11,3,71
BRDA:63,11,4,60
BRDA:64,12,0,95
BRDA:64,12,1,3
BRDA:64,13,0,98
BRDA:64,13,1,14
BRDA:67,14,0,38
BRDA:67,14,1,60
BRDA:67,15,0,95
BRDA:67,15,1,3
BRDA:67,16,0,98
BRDA:67,16,1,60
BRDA:67,16,2,60
BRF:38
BRH:37
end_of_record
TN:
SF:src/components/form/FormProvider.tsx
FN:18,FormProvider
FNF:1
FNH:1
FNDA:28,FormProvider
DA:18,28
DA:20,28
DA:21,28
DA:23,28
DA:24,28
LF:5
LH:5
BRDA:18,0,0,28
BRDA:18,0,1,0
BRDA:18,1,0,28
BRDA:18,1,1,0
BRDA:23,2,0,28
BRDA:23,2,1,0
BRDA:23,3,0,28
BRDA:23,3,1,19
BRF:8
BRH:5
end_of_record
TN:
SF:src/components/form/FormSelect.tsx
FN:29,FormSelect
FNF:1
FNH:1
FNDA:70,FormSelect
DA:29,40
DA:30,30
DA:31,30
DA:33,30
DA:35,29
DA:36,9
DA:38,30
DA:40,29
DA:42,28
DA:46,30
DA:49,26
DA:51,21
DA:52,30
DA:62,30
DA:65,9
DA:67,30
DA:69,25
DA:73,30
DA:74,30
DA:77,9
DA:79,30
DA:80,1
DA:82,30
DA:83,30
LF:24
LH:24
BRDA:30,0,0,9
BRDA:30,0,1,21
BRDA:33,1,0,9
BRDA:33,1,1,21
BRDA:33,2,0,30
BRDA:33,2,1,21
BRDA:38,3,0,28
BRDA:38,3,1,2
BRDA:42,4,0,28
BRDA:42,4,1,28
BRDA:46,5,0,9
BRDA:46,5,1,21
BRDA:46,6,0,30
BRDA:46,6,1,21
BRDA:60,7,0,30
BRDA:60,7,1,0
BRDA:61,8,0,1
BRDA:61,8,1,29
BRDA:62,9,0,9
BRDA:62,9,1,21
BRDA:67,10,0,25
BRDA:67,10,1,5
BRDA:73,11,0,26
BRDA:73,11,1,4
BRDA:73,12,0,30
BRDA:73,12,1,21
BRDA:73,12,2,21
BRDA:73,12,3,20
BRDA:73,12,4,20
BRDA:74,13,0,9
BRDA:74,13,1,21
BRDA:79,14,0,29
BRDA:79,14,1,1
BRDA:79,15,0,30
BRDA:79,15,1,2
BRDA:82,16,0,10
BRDA:82,16,1,20
BRDA:82,17,0,29
BRDA:82,17,1,1
BRDA:82,18,0,30
BRDA:82,18,1,1
BRDA:82,18,2,1
BRF:42
BRH:41
end_of_record
TN:
SF:src/components/ui/button.tsx
FN:49,(anonymous_0)
FNF:1
FNH:1
FNDA:28,(anonymous_0)
DA:7,2
DA:48,2
DA:49,28
DA:50,28
DA:52,28
DA:53,28
DA:56,28
DA:60,2
LF:8
LH:8
BRDA:49,0,0,28
BRDA:49,0,1,0
BRDA:49,1,0,28
BRDA:49,1,1,0
BRDA:50,2,0,0
BRDA:50,2,1,28
BRDA:50,3,0,9
BRDA:50,3,1,19
BRDA:50,4,0,28
BRDA:50,4,1,19
BRDA:50,4,2,19
BRDA:53,5,0,28
BRDA:53,5,1,0
BRDA:53,6,0,28
BRDA:53,6,1,19
BRDA:53,6,2,0
BRDA:53,6,3,0
BRF:17
BRH:11
end_of_record
TN:
SF:src/components/ui/card.tsx
FN:8,(anonymous_0)
FN:23,(anonymous_1)
FN:35,(anonymous_2)
FN:47,(anonymous_3)
FN:59,(anonymous_4)
FN:67,(anonymous_5)
FNF:6
FNH:3
FNDA:4,(anonymous_0)
FNDA:4,(anonymous_1)
FNDA:0,(anonymous_2)
FNDA:0,(anonymous_3)
FNDA:4,(anonymous_4)
FNDA:0,(anonymous_5)
DA:5,1
DA:8,4
DA:9,4
DA:11,4
DA:14,4
DA:16,4
DA:18,1
DA:20,1
DA:23,4
DA:24,4
DA:26,4
DA:28,4
DA:30,1
DA:32,1
DA:35,0
DA:36,0
DA:38,0
DA:40,0
DA:42,1
DA:44,1
DA:47,0
DA:48,0
DA:50,0
DA:52,0
DA:54,1
DA:56,1
DA:59,4
DA:60,4
DA:62,1
DA:64,1
DA:67,0
DA:68,0
DA:70,0
DA:72,0
DA:74,1
LF:35
LH:23
BRDA:8,0,0,4
BRDA:8,0,1,0
BRDA:8,1,0,4
BRDA:8,1,1,0
BRDA:14,2,0,4
BRDA:14,2,1,0
BRDA:14,3,0,4
BRDA:14,3,1,0
BRDA:14,3,2,0
BRDA:23,4,0,4
BRDA:23,4,1,0
BRDA:23,5,0,4
BRDA:23,5,1,0
BRDA:26,6,0,4
BRDA:26,6,1,0
BRDA:26,7,0,4
BRDA:26,7,1,0
BRDA:26,7,2,0
BRDA:35,8,0,0
BRDA:35,8,1,0
BRDA:35,9,0,0
BRDA:35,9,1,0
BRDA:38,10,0,0
BRDA:38,10,1,0
BRDA:38,11,0,0
BRDA:38,11,1,0
BRDA:38,11,2,0
BRDA:47,12,0,0
BRDA:47,12,1,0
BRDA:47,13,0,0
BRDA:47,13,1,0
BRDA:50,14,0,0
BRDA:50,14,1,0
BRDA:50,15,0,0
BRDA:50,15,1,0
BRDA:50,15,2,0
BRDA:59,16,0,4
BRDA:59,16,1,0
BRDA:59,17,0,4
BRDA:59,17,1,0
BRDA:60,18,0,4
BRDA:60,18,1,0
BRDA:60,19,0,4
BRDA:60,19,1,0
BRDA:60,19,2,0
BRDA:67,20,0,0
BRDA:67,20,1,0
BRDA:67,21,0,0
BRDA:67,21,1,0
BRDA:70,22,0,0
BRDA:70,22,1,0
BRDA:70,23,0,0
BRDA:70,23,1,0
BRDA:70,23,2,0
BRF:54
BRH:12
end_of_record
TN:
SF:src/components/ui/input.tsx
FN:6,(anonymous_0)
FNF:1
FNH:1
FNDA:38,(anonymous_0)
DA:5,2
DA:6,38
DA:8,38
DA:10,38
DA:13,38
DA:16,38
DA:20,2
LF:7
LH:7
BRDA:6,0,0,38
BRDA:6,0,1,0
BRDA:6,1,0,38
BRDA:6,1,1,0
BRDA:13,2,0,38
BRDA:13,2,1,0
BRDA:13,3,0,38
BRDA:13,3,1,0
BRDA:13,3,2,0
BRDA:13,3,3,0
BRF:10
BRH:4
end_of_record
TN:
SF:src/components/ui/label.tsx
FN:15,(anonymous_0)
FNF:1
FNH:1
FNDA:36,(anonymous_0)
DA:7,2
DA:11,2
DA:15,36
DA:16,36
DA:18,36
DA:20,36
DA:22,2
LF:7
LH:7
BRDA:15,0,0,36
BRDA:15,0,1,0
BRDA:15,1,0,36
BRDA:15,1,1,0
BRDA:18,2,0,36
BRDA:18,2,1,0
BRDA:18,3,0,36
BRDA:18,3,1,0
BRDA:18,3,2,0
BRF:9
BRH:4
end_of_record
TN:
SF:src/config/roles.ts
FNF:0
FNH:0
DA:1,2
LF:1
LH:1
BRF:0
BRH:0
end_of_record
TN:
SF:src/config/users.ts
FNF:0
FNH:0
DA:3,2
LF:1
LH:1
BRF:0
BRH:0
end_of_record
TN:
SF:src/features/hooks/useGetLoginLocations.ts
FN:4,(anonymous_0)
FNF:1
FNH:1
FNDA:29,(anonymous_0)
DA:4,29
DA:5,9
DA:9,29
LF:3
LH:3
BRDA:4,0,0,9
BRDA:4,0,1,20
BRF:2
BRH:2
end_of_record
TN:
SF:src/features/login-location/api/getLoginLocation.ts
FN:5,getLoginLocations
FN:8,(anonymous_1)
FNF:2
FNH:1
FNDA:9,getLoginLocations
FNDA:0,(anonymous_1)
DA:3,2
DA:6,9
DA:7,9
DA:8,1
DA:9,1
DA:12,8
LF:6
LH:6
BRDA:7,0,0,1
BRDA:7,0,1,8
BRDA:9,1,0,1
BRDA:9,1,1,0
BRF:4
BRH:3
end_of_record
TN:
SF:src/forms/login/LoginForm.tsx
FN:16,LoginForm
FN:38,(anonymous_1)
FN:73,(anonymous_2)
FNF:3
FNH:3
FNDA:29,LoginForm
FNDA:4,(anonymous_1)
FNDA:1,(anonymous_2)
DA:17,29
DA:19,29
DA:20,29
DA:21,29
DA:22,29
DA:24,29
DA:26,29
DA:38,29
DA:39,4
DA:40,4
DA:41,4
DA:42,4
DA:44,4
DA:45,4
DA:46,1
DA:47,1
DA:50,3
DA:51,3
DA:53,2
DA:54,2
DA:56,1
DA:57,1
DA:60,0
DA:61,0
DA:65,4
DA:69,29
DA:74,1
LF:27
LH:25
BRDA:46,0,0,1
BRDA:46,0,1,0
BRDA:50,1,0,3
BRDA:50,1,1,0
BRDA:51,2,0,2
BRDA:51,2,1,1
BRDA:51,2,2,0
BRDA:51,2,3,0
BRDA:108,3,0,29
BRDA:108,3,1,19
BRDA:113,4,0,29
BRDA:113,4,1,2
BRDA:113,5,0,29
BRDA:113,5,1,28
BRDA:113,5,2,2
BRDA:115,6,0,29
BRDA:115,6,1,0
BRDA:116,7,0,29
BRDA:116,7,1,0
BRF:19
BRH:13
end_of_record
TN:
SF:src/forms/login/login.schema.ts
FN:16,(anonymous_0)
FN:44,(anonymous_1)
FNF:2
FNH:2
FNDA:16,(anonymous_0)
FNDA:107,(anonymous_1)
DA:3,2
DA:15,2
DA:16,16
DA:20,2
DA:26,2
DA:44,107
LF:6
LH:6
BRF:0
BRH:0
end_of_record
TN:
SF:src/lib/utils.ts
FN:4,cn
FNF:1
FNH:1
FNDA:95,cn
DA:5,95
LF:1
LH:1
BRF:0
BRH:0
end_of_record
TN:
SF:src/mocks/handlers.ts
FN:9,(anonymous_0)
FNF:1
FNH:1
FNDA:3,(anonymous_0)
DA:8,2
DA:10,3
DA:12,3
DA:13,1
DA:19,2
LF:5
LH:5
BRDA:12,0,0,1
BRDA:12,0,1,2
BRDA:12,1,0,3
BRDA:12,1,1,1
BRF:4
BRH:4
end_of_record
TN:
SF:src/mocks/selectHandlers.ts
FN:5,(anonymous_0)
FNF:1
FNH:0
FNDA:0,(anonymous_0)
DA:4,2
DA:6,0
LF:2
LH:1
BRF:0
BRH:0
end_of_record
TN:
SF:src/mocks/server.ts
FNF:0
FNH:0
DA:5,2
LF:1
LH:1
BRF:0
BRH:0
end_of_record
TN:
SF:src/pages/LoginPage.tsx
FN:5,LoginPage
FNF:1
FNH:1
FNDA:20,LoginPage
DA:5,16
DA:7,4
DA:9,4
DA:11,4
DA:15,4
DA:19,4
DA:36,4
DA:39,4
DA:49,4
DA:98,4
DA:104,4
DA:106,4
DA:110,4
DA:120,4
DA:123,4
DA:128,4
DA:139,4
LF:17
LH:17
BRDA:5,0,0,4
BRDA:5,0,1,0
BRDA:15,1,0,4
BRDA:15,1,1,0
BRDA:36,2,0,4
BRDA:36,2,1,0
BRDA:49,3,0,4
BRDA:49,3,1,0
BRDA:98,4,0,4
BRDA:98,4,1,0
BRDA:110,5,0,4
BRDA:110,5,1,0
BRDA:120,6,0,4
BRDA:120,6,1,0
BRDA:128,7,0,4
BRDA:128,7,1,0
BRF:16
BRH:8
end_of_record
TN:
SF:src/services/loginService.ts
FN:9,loginService
FNF:1
FNH:1
FNDA:4,loginService
DA:10,4
DA:11,4
DA:20,4
DA:21,3
DA:22,1
DA:24,1
DA:26,3
DA:27,0
DA:29,3
LF:9
LH:8
BRDA:20,0,0,3
BRDA:20,0,1,1
BRDA:21,1,0,2
BRDA:21,1,1,1
BRDA:26,2,0,0
BRDA:26,2,1,3
BRF:6
BRH:5
end_of_record
TN:
SF:src/services/auth/auth.ts
FNF:0
FNH:0
DA:3,2
LF:1
LH:1
BRDA:3,0,0,2
BRDA:3,0,1,0
BRF:2
BRH:1
end_of_record
TN:
SF:src/services/auth/authService.ts
FN:11,(anonymous_0)
FN:18,(anonymous_1)
FNF:2
FNH:1
FNDA:4,(anonymous_0)
FNDA:0,(anonymous_1)
DA:10,2
DA:12,4
DA:17,2
DA:19,0
DA:21,0
DA:23,0
DA:24,0
DA:27,0
LF:8
LH:3
BRDA:23,0,0,0
BRDA:23,0,1,0
BRF:2
BRH:0
end_of_record
TN:
SF:src/store/useAuthStore.ts
FN:17,(anonymous_0)
FN:22,(anonymous_1)
FN:24,(anonymous_2)
FN:38,(anonymous_3)
FNF:4
FNH:1
FNDA:2,(anonymous_0)
FNDA:0,(anonymous_1)
FNDA:0,(anonymous_2)
FNDA:0,(anonymous_3)
DA:15,2
DA:17,2
DA:23,0
DA:24,0
DA:27,0
DA:29,0
DA:35,0
DA:39,0
LF:8
LH:2
BRDA:24,0,0,0
BRDA:24,0,1,0
BRDA:27,1,0,0
BRDA:27,1,1,0
BRF:4
BRH:0
end_of_record
